[0.053s] Invoking command in '/home/ubuntu/bots/autoBot/lidar_ws/build/rplidar_ros2': /usr/bin/cmake /home/ubuntu/bots/autoBot/lidar_ws/src/rplidar_ros -DCMAKE_INSTALL_PREFIX=/home/ubuntu/bots/autoBot/lidar_ws/install/rplidar_ros2
[0.288s] CMake Error at CMakeLists.txt:32 (find_package):
[0.289s]   By not providing "Findament_cmake.cmake" in CMAKE_MODULE_PATH this project
[0.290s]   has asked CMake to find a package configuration file provided by
[0.290s]   "ament_cmake", but CMake did not find one.
[0.291s] 
[0.291s]   Could not find a package configuration file provided by "ament_cmake" with
[0.292s]   any of the following names:
[0.292s] 
[0.293s]     ament_cmakeConfig.cmake
[0.294s]     ament_cmake-config.cmake
[0.295s] 
[0.296s]   Add the installation prefix of "ament_cmake" to CMAKE_PREFIX_PATH or set
[0.303s]   "ament_cmake_DIR" to a directory containing one of the above files.  If
[0.305s]   "ament_cmake" provides a separate development package or SDK, be sure it
[0.306s]   has been installed.
[0.307s] 
[0.308s] 
[0.311s] -- Configuring incomplete, errors occurred!
[0.312s] See also "/home/ubuntu/bots/autoBot/lidar_ws/build/rplidar_ros2/CMakeFiles/CMakeOutput.log".
[0.313s] Invoked command in '/home/ubuntu/bots/autoBot/lidar_ws/build/rplidar_ros2' returned '1': /usr/bin/cmake /home/ubuntu/bots/autoBot/lidar_ws/src/rplidar_ros -DCMAKE_INSTALL_PREFIX=/home/ubuntu/bots/autoBot/lidar_ws/install/rplidar_ros2
