[0.072s] Invoking command in '/home/ubuntu/bots/autoBot/lidar_ws/build/rplidar_ros2': /usr/bin/cmake /home/ubuntu/bots/autoBot/lidar_ws/src/rplidar_ros -DAMENT_CMAKE_SYMLINK_INSTALL=1 -DCMAKE_INSTALL_PREFIX=/home/ubuntu/bots/autoBot/lidar_ws/install/rplidar_ros2
[0.839s] -- The C compiler identification is GNU 9.3.0
[1.630s] -- The CXX compiler identification is GNU 9.3.0
[1.662s] -- Check for working C compiler: /usr/bin/cc
[1.983s] -- Check for working C compiler: /usr/bin/cc -- works
[1.990s] -- Detecting C compiler ABI info
[2.286s] -- Detecting C compiler ABI info - done
[2.328s] -- Detecting C compile features
[2.331s] -- Detecting C compile features - done
[2.345s] -- Check for working CXX compiler: /usr/bin/c++
[2.681s] -- Check for working CXX compiler: /usr/bin/c++ -- works
[2.686s] -- Detecting CXX compiler ABI info
[3.024s] -- Detecting CXX compiler ABI info - done
[3.068s] -- Detecting CXX compile features
[3.069s] -- Detecting CXX compile features - done
[3.264s] CMake Error at CMakeLists.txt:32 (find_package):
[3.265s]   By not providing "Findament_cmake.cmake" in CMAKE_MODULE_PATH this project
[3.265s]   has asked CMake to find a package configuration file provided by
[3.265s]   "ament_cmake", but CMake did not find one.
[3.266s] 
[3.266s]   Could not find a package configuration file provided by "ament_cmake" with
[3.267s]   any of the following names:
[3.267s] 
[3.267s]     ament_cmakeConfig.cmake
[3.268s]     ament_cmake-config.cmake
[3.268s] 
[3.269s]   Add the installation prefix of "ament_cmake" to CMAKE_PREFIX_PATH or set
[3.269s]   "ament_cmake_DIR" to a directory containing one of the above files.  If
[3.270s]   "ament_cmake" provides a separate development package or SDK, be sure it
[3.271s]   has been installed.
[3.271s] 
[3.272s] 
[3.272s] -- Configuring incomplete, errors occurred!
[3.272s] See also "/home/ubuntu/bots/autoBot/lidar_ws/build/rplidar_ros2/CMakeFiles/CMakeOutput.log".
[3.277s] Invoked command in '/home/ubuntu/bots/autoBot/lidar_ws/build/rplidar_ros2' returned '1': /usr/bin/cmake /home/ubuntu/bots/autoBot/lidar_ws/src/rplidar_ros -DAMENT_CMAKE_SYMLINK_INSTALL=1 -DCMAKE_INSTALL_PREFIX=/home/ubuntu/bots/autoBot/lidar_ws/install/rplidar_ros2
