[1.245s] DEBUG:colcon:Command line arguments: ['/usr/bin/colcon', 'build', '--symlink-install']
[1.246s] DEBUG:colcon:Parsed command line arguments: Namespace(ament_cmake_args=None, base_paths=['.'], build_base='build', catkin_cmake_args=None, catkin_skip_building_tests=False, cmake_args=None, cmake_clean_cache=False, cmake_clean_first=False, cmake_force_configure=False, cmake_target=None, cmake_target_skip_unavailable=False, continue_on_error=False, event_handlers=None, executor='parallel', ignore_user_meta=False, install_base='install', log_base=None, log_level=None, main=<bound method BuildVerb.main of <colcon_core.verb.build.BuildVerb object at 0xffff8a66e6a0>>, merge_install=False, metas=['./colcon.meta'], packages_above=None, packages_above_and_dependencies=None, packages_above_depth=None, packages_end=None, packages_ignore=None, packages_ignore_regex=None, packages_select=None, packages_select_build_failed=False, packages_select_by_dep=None, packages_select_regex=None, packages_select_test_failures=False, packages_skip=None, packages_skip_build_finished=False, packages_skip_by_dep=None, packages_skip_regex=None, packages_skip_test_passed=False, packages_skip_up_to=None, packages_start=None, packages_up_to=None, packages_up_to_regex=None, parallel_workers=4, paths=None, symlink_install=True, test_result_base=None, verb_extension=<colcon_core.verb.build.BuildVerb object at 0xffff8a66e6a0>, verb_name='build', verb_parser=<colcon_defaults.argument_parser.defaults.DefaultArgumentsDecorator object at 0xffff8a66ebe0>)
[1.268s] Level 1:colcon.colcon_core.package_discovery:discover_packages(colcon_meta) check parameters
[1.268s] Level 1:colcon.colcon_core.package_discovery:discover_packages(recursive) check parameters
[1.269s] Level 1:colcon.colcon_core.package_discovery:discover_packages(ignore) check parameters
[1.269s] Level 1:colcon.colcon_core.package_discovery:discover_packages(path) check parameters
[1.269s] Level 1:colcon.colcon_core.package_discovery:discover_packages(colcon_meta) discover
[1.269s] Level 1:colcon.colcon_core.package_discovery:discover_packages(recursive) discover
[1.269s] INFO:colcon.colcon_core.package_discovery:Crawling recursively for packages in '/home/ubuntu/bots/autoBot/lidar_ws'
[1.270s] Level 1:colcon.colcon_core.package_identification:_identify(.) by extensions ['ignore', 'ignore_ament_install']
[1.270s] Level 1:colcon.colcon_core.package_identification:_identify(.) by extension 'ignore'
[1.271s] Level 1:colcon.colcon_core.package_identification:_identify(.) by extension 'ignore_ament_install'
[1.271s] Level 1:colcon.colcon_core.package_identification:_identify(.) by extensions ['colcon_pkg']
[1.271s] Level 1:colcon.colcon_core.package_identification:_identify(.) by extension 'colcon_pkg'
[1.271s] Level 1:colcon.colcon_core.package_identification:_identify(.) by extensions ['colcon_meta']
[1.271s] Level 1:colcon.colcon_core.package_identification:_identify(.) by extension 'colcon_meta'
[1.272s] Level 1:colcon.colcon_core.package_identification:_identify(.) by extensions ['ros']
[1.272s] Level 1:colcon.colcon_core.package_identification:_identify(.) by extension 'ros'
[1.317s] Level 1:colcon.colcon_core.package_identification:_identify(.) by extensions ['cmake', 'python']
[1.318s] Level 1:colcon.colcon_core.package_identification:_identify(.) by extension 'cmake'
[1.318s] Level 1:colcon.colcon_core.package_identification:_identify(.) by extension 'python'
[1.318s] Level 1:colcon.colcon_core.package_identification:_identify(.) by extensions ['python_setup_py']
[1.318s] Level 1:colcon.colcon_core.package_identification:_identify(.) by extension 'python_setup_py'
[1.319s] Level 1:colcon.colcon_core.package_identification:_identify(build) by extensions ['ignore', 'ignore_ament_install']
[1.319s] Level 1:colcon.colcon_core.package_identification:_identify(build) by extension 'ignore'
[1.319s] Level 1:colcon.colcon_core.package_identification:_identify(build) ignored
[1.320s] Level 1:colcon.colcon_core.package_identification:_identify(install) by extensions ['ignore', 'ignore_ament_install']
[1.321s] Level 1:colcon.colcon_core.package_identification:_identify(install) by extension 'ignore'
[1.321s] Level 1:colcon.colcon_core.package_identification:_identify(install) ignored
[1.321s] Level 1:colcon.colcon_core.package_identification:_identify(log) by extensions ['ignore', 'ignore_ament_install']
[1.322s] Level 1:colcon.colcon_core.package_identification:_identify(log) by extension 'ignore'
[1.322s] Level 1:colcon.colcon_core.package_identification:_identify(log) ignored
[1.322s] Level 1:colcon.colcon_core.package_identification:_identify(src) by extensions ['ignore', 'ignore_ament_install']
[1.323s] Level 1:colcon.colcon_core.package_identification:_identify(src) by extension 'ignore'
[1.323s] Level 1:colcon.colcon_core.package_identification:_identify(src) by extension 'ignore_ament_install'
[1.323s] Level 1:colcon.colcon_core.package_identification:_identify(src) by extensions ['colcon_pkg']
[1.323s] Level 1:colcon.colcon_core.package_identification:_identify(src) by extension 'colcon_pkg'
[1.324s] Level 1:colcon.colcon_core.package_identification:_identify(src) by extensions ['colcon_meta']
[1.324s] Level 1:colcon.colcon_core.package_identification:_identify(src) by extension 'colcon_meta'
[1.324s] Level 1:colcon.colcon_core.package_identification:_identify(src) by extensions ['ros']
[1.324s] Level 1:colcon.colcon_core.package_identification:_identify(src) by extension 'ros'
[1.325s] Level 1:colcon.colcon_core.package_identification:_identify(src) by extensions ['cmake', 'python']
[1.325s] Level 1:colcon.colcon_core.package_identification:_identify(src) by extension 'cmake'
[1.325s] Level 1:colcon.colcon_core.package_identification:_identify(src) by extension 'python'
[1.325s] Level 1:colcon.colcon_core.package_identification:_identify(src) by extensions ['python_setup_py']
[1.325s] Level 1:colcon.colcon_core.package_identification:_identify(src) by extension 'python_setup_py'
[1.326s] Level 1:colcon.colcon_core.package_identification:_identify(src/rplidar_ros) by extensions ['ignore', 'ignore_ament_install']
[1.326s] Level 1:colcon.colcon_core.package_identification:_identify(src/rplidar_ros) by extension 'ignore'
[1.326s] Level 1:colcon.colcon_core.package_identification:_identify(src/rplidar_ros) by extension 'ignore_ament_install'
[1.327s] Level 1:colcon.colcon_core.package_identification:_identify(src/rplidar_ros) by extensions ['colcon_pkg']
[1.327s] Level 1:colcon.colcon_core.package_identification:_identify(src/rplidar_ros) by extension 'colcon_pkg'
[1.327s] Level 1:colcon.colcon_core.package_identification:_identify(src/rplidar_ros) by extensions ['colcon_meta']
[1.327s] Level 1:colcon.colcon_core.package_identification:_identify(src/rplidar_ros) by extension 'colcon_meta'
[1.327s] Level 1:colcon.colcon_core.package_identification:_identify(src/rplidar_ros) by extensions ['ros']
[1.328s] Level 1:colcon.colcon_core.package_identification:_identify(src/rplidar_ros) by extension 'ros'
[1.341s] DEBUG:colcon.colcon_core.package_identification:Package 'src/rplidar_ros' with type 'ros.ament_cmake' and name 'rplidar_ros2'
[1.342s] Level 1:colcon.colcon_core.package_discovery:discover_packages(recursive) using defaults
[1.342s] Level 1:colcon.colcon_core.package_discovery:discover_packages(ignore) discover
[1.342s] Level 1:colcon.colcon_core.package_discovery:discover_packages(ignore) using defaults
[1.342s] Level 1:colcon.colcon_core.package_discovery:discover_packages(path) discover
[1.342s] Level 1:colcon.colcon_core.package_discovery:discover_packages(path) using defaults
[1.419s] Level 5:colcon.colcon_core.verb:set package 'rplidar_ros2' build argument 'cmake_args' from command line to 'None'
[1.419s] Level 5:colcon.colcon_core.verb:set package 'rplidar_ros2' build argument 'cmake_target' from command line to 'None'
[1.419s] Level 5:colcon.colcon_core.verb:set package 'rplidar_ros2' build argument 'cmake_target_skip_unavailable' from command line to 'False'
[1.420s] Level 5:colcon.colcon_core.verb:set package 'rplidar_ros2' build argument 'cmake_clean_cache' from command line to 'False'
[1.420s] Level 5:colcon.colcon_core.verb:set package 'rplidar_ros2' build argument 'cmake_clean_first' from command line to 'False'
[1.420s] Level 5:colcon.colcon_core.verb:set package 'rplidar_ros2' build argument 'cmake_force_configure' from command line to 'False'
[1.420s] Level 5:colcon.colcon_core.verb:set package 'rplidar_ros2' build argument 'ament_cmake_args' from command line to 'None'
[1.420s] Level 5:colcon.colcon_core.verb:set package 'rplidar_ros2' build argument 'catkin_cmake_args' from command line to 'None'
[1.420s] Level 5:colcon.colcon_core.verb:set package 'rplidar_ros2' build argument 'catkin_skip_building_tests' from command line to 'False'
[1.420s] DEBUG:colcon.colcon_core.verb:Building package 'rplidar_ros2' with the following arguments: {'ament_cmake_args': None, 'build_base': '/home/ubuntu/bots/autoBot/lidar_ws/build/rplidar_ros2', 'catkin_cmake_args': None, 'catkin_skip_building_tests': False, 'cmake_args': None, 'cmake_clean_cache': False, 'cmake_clean_first': False, 'cmake_force_configure': False, 'cmake_target': None, 'cmake_target_skip_unavailable': False, 'install_base': '/home/ubuntu/bots/autoBot/lidar_ws/install/rplidar_ros2', 'merge_install': False, 'path': '/home/ubuntu/bots/autoBot/lidar_ws/src/rplidar_ros', 'symlink_install': True, 'test_result_base': None}
[1.422s] INFO:colcon.colcon_core.executor:Executing jobs using 'parallel' executor
[1.430s] DEBUG:colcon.colcon_parallel_executor.executor.parallel:run_until_complete
[1.432s] INFO:colcon.colcon_ros.task.ament_cmake.build:Building ROS package in '/home/ubuntu/bots/autoBot/lidar_ws/src/rplidar_ros' with build type 'ament_cmake'
[1.432s] INFO:colcon.colcon_cmake.task.cmake.build:Building CMake package in '/home/ubuntu/bots/autoBot/lidar_ws/src/rplidar_ros'
[1.448s] INFO:colcon.colcon_core.plugin_system:Skipping extension 'colcon_core.shell.bat': Not used on non-Windows systems
[1.449s] INFO:colcon.colcon_core.shell:Skip shell extension 'powershell' for command environment: Not usable outside of PowerShell
[1.450s] DEBUG:colcon.colcon_core.shell:Skip shell extension 'dsv' for command environment
[1.486s] DEBUG:colcon.colcon_core.event_handler.log_command:Invoking command in '/home/ubuntu/bots/autoBot/lidar_ws/build/rplidar_ros2': /usr/bin/cmake /home/ubuntu/bots/autoBot/lidar_ws/src/rplidar_ros -DAMENT_CMAKE_SYMLINK_INSTALL=1 -DCMAKE_INSTALL_PREFIX=/home/ubuntu/bots/autoBot/lidar_ws/install/rplidar_ros2
[1.742s] DEBUG:colcon.colcon_core.event_handler.log_command:Invoked command in '/home/ubuntu/bots/autoBot/lidar_ws/build/rplidar_ros2' returned '1': /usr/bin/cmake /home/ubuntu/bots/autoBot/lidar_ws/src/rplidar_ros -DAMENT_CMAKE_SYMLINK_INSTALL=1 -DCMAKE_INSTALL_PREFIX=/home/ubuntu/bots/autoBot/lidar_ws/install/rplidar_ros2
[1.780s] Level 1:colcon.colcon_core.environment:create_environment_scripts_only(rplidar_ros2)
[1.799s] Level 1:colcon.colcon_core.environment:checking '/home/ubuntu/bots/autoBot/lidar_ws/install/rplidar_ros2' for CMake module files
[1.801s] Level 1:colcon.colcon_core.environment:checking '/home/ubuntu/bots/autoBot/lidar_ws/install/rplidar_ros2' for CMake config files
[1.803s] Level 1:colcon.colcon_core.environment:checking '/home/ubuntu/bots/autoBot/lidar_ws/install/rplidar_ros2/bin'
[1.804s] Level 1:colcon.colcon_core.environment:checking '/home/ubuntu/bots/autoBot/lidar_ws/install/rplidar_ros2/lib/pkgconfig/rplidar_ros2.pc'
[1.804s] Level 1:colcon.colcon_core.environment:checking '/home/ubuntu/bots/autoBot/lidar_ws/install/rplidar_ros2/lib/python3.8/site-packages'
[1.806s] INFO:colcon.colcon_core.shell:Creating package script '/home/ubuntu/bots/autoBot/lidar_ws/install/rplidar_ros2/share/rplidar_ros2/package.ps1'
[1.810s] INFO:colcon.colcon_core.shell:Creating package descriptor '/home/ubuntu/bots/autoBot/lidar_ws/install/rplidar_ros2/share/rplidar_ros2/package.dsv'
[1.812s] INFO:colcon.colcon_core.shell:Creating package script '/home/ubuntu/bots/autoBot/lidar_ws/install/rplidar_ros2/share/rplidar_ros2/package.sh'
[1.815s] INFO:colcon.colcon_core.shell:Creating package script '/home/ubuntu/bots/autoBot/lidar_ws/install/rplidar_ros2/share/rplidar_ros2/package.bash'
[1.818s] INFO:colcon.colcon_core.shell:Creating package script '/home/ubuntu/bots/autoBot/lidar_ws/install/rplidar_ros2/share/rplidar_ros2/package.zsh'
[1.821s] Level 1:colcon.colcon_core.environment:create_file_with_runtime_dependencies(/home/ubuntu/bots/autoBot/lidar_ws/install/rplidar_ros2/share/colcon-core/packages/rplidar_ros2)
[1.823s] DEBUG:colcon.colcon_parallel_executor.executor.parallel:closing loop
[1.824s] DEBUG:colcon.colcon_parallel_executor.executor.parallel:loop closed
[1.825s] DEBUG:colcon.colcon_parallel_executor.executor.parallel:run_until_complete finished with '1'
[1.825s] DEBUG:colcon.colcon_core.event_reactor:joining thread
[1.851s] INFO:colcon.colcon_core.plugin_system:Skipping extension 'colcon_notification.desktop_notification.terminal_notifier': Not used on non-Darwin systems
[1.852s] INFO:colcon.colcon_core.plugin_system:Skipping extension 'colcon_notification.desktop_notification.win32': Not used on non-Windows systems
[1.852s] INFO:colcon.colcon_notification.desktop_notification:Sending desktop notification using 'notify2'
[1.899s] DEBUG:colcon.colcon_core.event_reactor:joined thread
[1.902s] INFO:colcon.colcon_core.shell:Creating prefix script '/home/ubuntu/bots/autoBot/lidar_ws/install/local_setup.ps1'
[1.907s] INFO:colcon.colcon_core.shell:Creating prefix util module '/home/ubuntu/bots/autoBot/lidar_ws/install/_local_setup_util_ps1.py'
[1.914s] INFO:colcon.colcon_core.shell:Creating prefix chain script '/home/ubuntu/bots/autoBot/lidar_ws/install/setup.ps1'
[1.922s] INFO:colcon.colcon_core.shell:Creating prefix script '/home/ubuntu/bots/autoBot/lidar_ws/install/local_setup.sh'
[1.925s] INFO:colcon.colcon_core.shell:Creating prefix util module '/home/ubuntu/bots/autoBot/lidar_ws/install/_local_setup_util_sh.py'
[1.927s] INFO:colcon.colcon_core.shell:Creating prefix chain script '/home/ubuntu/bots/autoBot/lidar_ws/install/setup.sh'
[1.939s] INFO:colcon.colcon_core.shell:Creating prefix script '/home/ubuntu/bots/autoBot/lidar_ws/install/local_setup.bash'
[1.941s] INFO:colcon.colcon_core.shell:Creating prefix chain script '/home/ubuntu/bots/autoBot/lidar_ws/install/setup.bash'
[1.950s] INFO:colcon.colcon_core.shell:Creating prefix script '/home/ubuntu/bots/autoBot/lidar_ws/install/local_setup.zsh'
[1.953s] INFO:colcon.colcon_core.shell:Creating prefix chain script '/home/ubuntu/bots/autoBot/lidar_ws/install/setup.zsh'
