[0.073s] Invoking command in '/home/ubuntu/bots/autoBot/lidar_ws/build/rplidar_ros2': /usr/bin/cmake /home/ubuntu/bots/autoBot/lidar_ws/src/rplidar_ros -DAMENT_CMAKE_SYMLINK_INSTALL=1 -DCMAKE_INSTALL_PREFIX=/home/ubuntu/bots/autoBot/lidar_ws/install/rplidar_ros2
[0.190s] -- Found ament_cmake: 0.9.9 (/home/ubuntu/ros2_foxy/ros2-linux/share/ament_cmake/cmake)
[0.345s] -- Found PythonInterp: /usr/bin/python3 (found suitable version "3.8.10", minimum required is "3") 
[0.346s] -- Using PYTHON_EXECUTABLE: /usr/bin/python3
[1.253s] -- Override CMake install command with custom implementation using symlinks instead of copying resources
[1.555s] -- Found rclcpp: 2.4.1 (/home/ubuntu/ros2_foxy/ros2-linux/share/rclcpp/cmake)
[1.972s] -- Using all available rosidl_typesupport_c: rosidl_typesupport_fastrtps_c;rosidl_typesupport_introspection_c
[2.047s] -- Found rosidl_adapter: 1.2.1 (/home/ubuntu/ros2_foxy/ros2-linux/share/rosidl_adapter/cmake)
[3.263s] -- Found OpenSSL: /usr/lib/aarch64-linux-gnu/libcrypto.so (found version "1.1.1f")  
[3.568s] -- Found FastRTPS: /home/ubuntu/ros2_foxy/ros2-linux/include  
[4.298s] -- Using all available rosidl_typesupport_cpp: rosidl_typesupport_fastrtps_cpp;rosidl_typesupport_introspection_cpp
[4.729s] -- Found rmw_implementation_cmake: 1.0.3 (/home/ubuntu/ros2_foxy/ros2-linux/share/rmw_implementation_cmake/cmake)
[4.741s] -- Using RMW implementation 'rmw_fastrtps_cpp' as default
[4.750s] -- Looking for pthread.h
[5.120s] -- Looking for pthread.h - found
[5.121s] -- Performing Test CMAKE_HAVE_LIBC_PTHREAD
[5.453s] -- Performing Test CMAKE_HAVE_LIBC_PTHREAD - Failed
[5.454s] -- Looking for pthread_create in pthreads
[5.731s] -- Looking for pthread_create in pthreads - not found
[5.732s] -- Looking for pthread_create in pthread
[6.057s] -- Looking for pthread_create in pthread - found
[6.062s] -- Found Threads: TRUE  
[6.605s] -- Found sensor_msgs: 2.0.5 (/home/ubuntu/ros2_foxy/ros2-linux/share/sensor_msgs/cmake)
[7.298s] -- Found std_srvs: 2.0.5 (/home/ubuntu/ros2_foxy/ros2-linux/share/std_srvs/cmake)
[7.694s] -- Configuring done
[7.733s] -- Generating done
[7.740s] -- Build files have been written to: /home/ubuntu/bots/autoBot/lidar_ws/build/rplidar_ros2
[7.767s] Invoked command in '/home/ubuntu/bots/autoBot/lidar_ws/build/rplidar_ros2' returned '0': /usr/bin/cmake /home/ubuntu/bots/autoBot/lidar_ws/src/rplidar_ros -DAMENT_CMAKE_SYMLINK_INSTALL=1 -DCMAKE_INSTALL_PREFIX=/home/ubuntu/bots/autoBot/lidar_ws/install/rplidar_ros2
[7.780s] Invoking command in '/home/ubuntu/bots/autoBot/lidar_ws/build/rplidar_ros2': /usr/bin/cmake --build /home/ubuntu/bots/autoBot/lidar_ws/build/rplidar_ros2 -- -j4 -l4
[7.988s] [35m[1mScanning dependencies of target rplidar_scan_publisher[0m
[8.562s] [ 14%] [32mBuilding CXX object CMakeFiles/rplidar_scan_publisher.dir/sdk/src/arch/linux/net_serial.cpp.o[0m
[8.566s] [ 28%] [32mBuilding CXX object CMakeFiles/rplidar_scan_publisher.dir/src/rplidar_scan_publisher.cpp.o[0m
[8.574s] [ 42%] [32mBuilding CXX object CMakeFiles/rplidar_scan_publisher.dir/sdk/src/arch/linux/timer.cpp.o[0m
[8.580s] [ 57%] [32mBuilding CXX object CMakeFiles/rplidar_scan_publisher.dir/sdk/src/arch/linux/net_socket.cpp.o[0m
[10.469s] In file included from [01m[K/home/ubuntu/bots/autoBot/lidar_ws/src/rplidar_ros/./sdk/include/rplidar.h:39[m[K,
[10.470s]                  from [01m[K/home/ubuntu/bots/autoBot/lidar_ws/src/rplidar_ros/./sdk/src/sdkcommon.h:48[m[K,
[10.471s]                  from [01m[K/home/ubuntu/bots/autoBot/lidar_ws/src/rplidar_ros/sdk/src/arch/linux/net_socket.cpp:10[m[K:
[10.472s] [01m[K/home/ubuntu/bots/autoBot/lidar_ws/src/rplidar_ros/./sdk/include/rplidar_protocol.h:59:14:[m[K [01;35m[Kwarning: [m[KISO C++ forbids zero-size array ‘[01m[Kdata[m[K’ [[01;35m[K-Wpedantic[m[K]
[10.475s]    59 |     _u8 data[[01;35m[K0[m[K];
[10.477s]       |              [01;35m[K^[m[K
[10.480s] In file included from [01m[K/home/ubuntu/bots/autoBot/lidar_ws/src/rplidar_ros/./sdk/include/rplidar.h:40[m[K,
[10.485s]                  from [01m[K/home/ubuntu/bots/autoBot/lidar_ws/src/rplidar_ros/./sdk/src/sdkcommon.h:48[m[K,
[10.486s]                  from [01m[K/home/ubuntu/bots/autoBot/lidar_ws/src/rplidar_ros/sdk/src/arch/linux/net_socket.cpp:10[m[K:
[10.488s] [01m[K/home/ubuntu/bots/autoBot/lidar_ws/src/rplidar_ros/./sdk/include/rplidar_cmd.h:260:18:[m[K [01;35m[Kwarning: [m[KISO C++ forbids zero-size array ‘[01m[Kpayload[m[K’ [[01;35m[K-Wpedantic[m[K]
[10.489s]   260 |     _u8  payload[[01;35m[K0[m[K];
[10.491s]       |                  [01;35m[K^[m[K
[10.583s] [ 71%] [32mBuilding CXX object CMakeFiles/rplidar_scan_publisher.dir/sdk/src/hal/thread.cpp.o[0m
[10.987s] [ 85%] [32mBuilding CXX object CMakeFiles/rplidar_scan_publisher.dir/sdk/src/rplidar_driver.cpp.o[0m
[12.305s] In file included from [01m[K/home/ubuntu/bots/autoBot/lidar_ws/src/rplidar_ros/./sdk/include/rplidar.h:39[m[K,
[12.306s]                  from [01m[K/home/ubuntu/bots/autoBot/lidar_ws/src/rplidar_ros/./sdk/src/sdkcommon.h:48[m[K,
[12.307s]                  from [01m[K/home/ubuntu/bots/autoBot/lidar_ws/src/rplidar_ros/sdk/src/hal/thread.cpp:35[m[K:
[12.309s] [01m[K/home/ubuntu/bots/autoBot/lidar_ws/src/rplidar_ros/./sdk/include/rplidar_protocol.h:59:14:[m[K [01;35m[Kwarning: [m[KISO C++ forbids zero-size array ‘[01m[Kdata[m[K’ [[01;35m[K-Wpedantic[m[K]
[12.312s]    59 |     _u8 data[[01;35m[K0[m[K];
[12.314s]       |              [01;35m[K^[m[K
[12.317s] In file included from [01m[K/home/ubuntu/bots/autoBot/lidar_ws/src/rplidar_ros/./sdk/include/rplidar.h:40[m[K,
[12.319s]                  from [01m[K/home/ubuntu/bots/autoBot/lidar_ws/src/rplidar_ros/./sdk/src/sdkcommon.h:48[m[K,
[12.323s]                  from [01m[K/home/ubuntu/bots/autoBot/lidar_ws/src/rplidar_ros/sdk/src/hal/thread.cpp:35[m[K:
[12.325s] [01m[K/home/ubuntu/bots/autoBot/lidar_ws/src/rplidar_ros/./sdk/include/rplidar_cmd.h:260:18:[m[K [01;35m[Kwarning: [m[KISO C++ forbids zero-size array ‘[01m[Kpayload[m[K’ [[01;35m[K-Wpedantic[m[K]
[12.328s]   260 |     _u8  payload[[01;35m[K0[m[K];
[12.331s]       |                  [01;35m[K^[m[K
[12.334s] In file included from [01m[K/home/ubuntu/bots/autoBot/lidar_ws/src/rplidar_ros/sdk/src/hal/thread.cpp:43[m[K:
[12.337s] [01m[K/home/ubuntu/bots/autoBot/lidar_ws/src/rplidar_ros/./sdk/src/arch/linux/thread.hpp:[m[K In static member function ‘[01m[Kstatic rp::hal::Thread rp::hal::Thread::create(thread_proc_t, void*)[m[K’:
[12.339s] [01m[K/home/ubuntu/bots/autoBot/lidar_ws/src/rplidar_ros/./sdk/src/arch/linux/thread.hpp:48:77:[m[K [01;35m[Kwarning: [m[Kcast between incompatible function types from ‘[01m[Kthread_proc_t[m[K’ {aka ‘[01m[Klong unsigned int (*)(void*)[m[K’} to ‘[01m[Kvoid* (*)(void*)[m[K’ [[01;35m[K-Wcast-function-type[m[K]
[12.342s]    48 |     pthread_create((pthread_t *)&newborn._handle, NULL, (void * (*)(void *))[01;35m[Kproc[m[K, data);
[12.345s]       |                                                                             [01;35m[K^~~~[m[K
[12.571s] In file included from [01m[K/home/ubuntu/bots/autoBot/lidar_ws/src/rplidar_ros/./sdk/include/rplidar.h:39[m[K,
[12.572s]                  from [01m[K/home/ubuntu/bots/autoBot/lidar_ws/src/rplidar_ros/sdk/src/sdkcommon.h:48[m[K,
[12.573s]                  from [01m[K/home/ubuntu/bots/autoBot/lidar_ws/src/rplidar_ros/sdk/src/rplidar_driver.cpp:35[m[K:
[12.575s] [01m[K/home/ubuntu/bots/autoBot/lidar_ws/src/rplidar_ros/./sdk/include/rplidar_protocol.h:59:14:[m[K [01;35m[Kwarning: [m[KISO C++ forbids zero-size array ‘[01m[Kdata[m[K’ [[01;35m[K-Wpedantic[m[K]
[12.578s]    59 |     _u8 data[[01;35m[K0[m[K];
[12.579s]       |              [01;35m[K^[m[K
[12.581s] In file included from [01m[K/home/ubuntu/bots/autoBot/lidar_ws/src/rplidar_ros/./sdk/include/rplidar.h:40[m[K,
[12.583s]                  from [01m[K/home/ubuntu/bots/autoBot/lidar_ws/src/rplidar_ros/sdk/src/sdkcommon.h:48[m[K,
[12.584s]                  from [01m[K/home/ubuntu/bots/autoBot/lidar_ws/src/rplidar_ros/sdk/src/rplidar_driver.cpp:35[m[K:
[12.586s] [01m[K/home/ubuntu/bots/autoBot/lidar_ws/src/rplidar_ros/./sdk/include/rplidar_cmd.h:260:18:[m[K [01;35m[Kwarning: [m[KISO C++ forbids zero-size array ‘[01m[Kpayload[m[K’ [[01;35m[K-Wpedantic[m[K]
[12.588s]   260 |     _u8  payload[[01;35m[K0[m[K];
[12.590s]       |                  [01;35m[K^[m[K
[12.813s] [01m[K/home/ubuntu/bots/autoBot/lidar_ws/src/rplidar_ros/sdk/src/rplidar_driver.cpp:[m[K In member function ‘[01m[Kvirtual void rp::standalone::rplidar::RPlidarDriverImplCommon::_ultraCapsuleToNormal(const rplidar_response_ultra_capsule_measurement_nodes_t&, rplidar_response_measurement_node_hq_t*, size_t&)[m[K’:
[12.814s] [01m[K/home/ubuntu/bots/autoBot/lidar_ws/src/rplidar_ros/sdk/src/rplidar_driver.cpp:1208:32:[m[K [01;35m[Kwarning: [m[Kcomparison of integer expressions of different signedness: ‘[01m[Kint[m[K’ and ‘[01m[Kunsigned int[m[K’ [[01;35m[K-Wsign-compare[m[K]
[12.815s]  1208 |             if (([01;35m[Kdist_predict1 == 0xFFFFFE00[m[K) || (dist_predict1 == 0x1FF)) {
[12.815s]       |                  [01;35m[K~~~~~~~~~~~~~~^~~~~~~~~~~~~[m[K
[12.816s] [01m[K/home/ubuntu/bots/autoBot/lidar_ws/src/rplidar_ros/sdk/src/rplidar_driver.cpp:1216:32:[m[K [01;35m[Kwarning: [m[Kcomparison of integer expressions of different signedness: ‘[01m[Kint[m[K’ and ‘[01m[Kunsigned int[m[K’ [[01;35m[K-Wsign-compare[m[K]
[12.817s]  1216 |             if (([01;35m[Kdist_predict2 == 0xFFFFFE00[m[K) || (dist_predict2 == 0x1FF)) {
[12.818s]       |                  [01;35m[K~~~~~~~~~~~~~~^~~~~~~~~~~~~[m[K
[15.947s] In file included from [01m[K/home/ubuntu/bots/autoBot/lidar_ws/src/rplidar_ros/./sdk/include/rplidar.h:39[m[K,
[15.948s]                  from [01m[K/home/ubuntu/bots/autoBot/lidar_ws/src/rplidar_ros/src/rplidar_scan_publisher.cpp:38[m[K:
[15.949s] [01m[K/home/ubuntu/bots/autoBot/lidar_ws/src/rplidar_ros/./sdk/include/rplidar_protocol.h:59:14:[m[K [01;35m[Kwarning: [m[KISO C++ forbids zero-size array ‘[01m[Kdata[m[K’ [[01;35m[K-Wpedantic[m[K]
[15.949s]    59 |     _u8 data[[01;35m[K0[m[K];
[15.950s]       |              [01;35m[K^[m[K
[15.950s] In file included from [01m[K/home/ubuntu/bots/autoBot/lidar_ws/src/rplidar_ros/./sdk/include/rplidar.h:40[m[K,
[15.951s]                  from [01m[K/home/ubuntu/bots/autoBot/lidar_ws/src/rplidar_ros/src/rplidar_scan_publisher.cpp:38[m[K:
[15.952s] [01m[K/home/ubuntu/bots/autoBot/lidar_ws/src/rplidar_ros/./sdk/include/rplidar_cmd.h:260:18:[m[K [01;35m[Kwarning: [m[KISO C++ forbids zero-size array ‘[01m[Kpayload[m[K’ [[01;35m[K-Wpedantic[m[K]
[15.952s]   260 |     _u8  payload[[01;35m[K0[m[K];
[15.952s]       |                  [01;35m[K^[m[K
[24.715s] [100%] [32m[1mLinking CXX executable rplidar_scan_publisher[0m
[26.009s] [100%] Built target rplidar_scan_publisher
[26.053s] Invoked command in '/home/ubuntu/bots/autoBot/lidar_ws/build/rplidar_ros2' returned '0': /usr/bin/cmake --build /home/ubuntu/bots/autoBot/lidar_ws/build/rplidar_ros2 -- -j4 -l4
[26.288s] Invoking command in '/home/ubuntu/bots/autoBot/lidar_ws/build/rplidar_ros2': /usr/bin/cmake --install /home/ubuntu/bots/autoBot/lidar_ws/build/rplidar_ros2
[26.323s] -- Install configuration: ""
[26.324s] -- Execute custom install script
[26.328s] -- Symlinking: /home/ubuntu/bots/autoBot/lidar_ws/install/rplidar_ros2/share/rplidar_ros2/launch/rplidar_a3_launch.py
[26.365s] -- Symlinking: /home/ubuntu/bots/autoBot/lidar_ws/install/rplidar_ros2/share/rplidar_ros2/launch/rplidar_launch.py
[26.402s] -- Symlinking: /home/ubuntu/bots/autoBot/lidar_ws/install/rplidar_ros2/share/rplidar_ros2/launch/rplidar_s1_launch.py
[26.438s] -- Symlinking: /home/ubuntu/bots/autoBot/lidar_ws/install/rplidar_ros2/share/rplidar_ros2/launch/rplidar_s1_tcp_launch.py
[26.475s] -- Symlinking: /home/ubuntu/bots/autoBot/lidar_ws/install/rplidar_ros2/share/rplidar_ros2/launch/view_rplidar_a3_launch.py
[26.512s] -- Symlinking: /home/ubuntu/bots/autoBot/lidar_ws/install/rplidar_ros2/share/rplidar_ros2/launch/view_rplidar_launch.py
[26.553s] -- Symlinking: /home/ubuntu/bots/autoBot/lidar_ws/install/rplidar_ros2/share/rplidar_ros2/launch/view_rplidar_s1_launch.py
[26.594s] -- Symlinking: /home/ubuntu/bots/autoBot/lidar_ws/install/rplidar_ros2/share/rplidar_ros2/launch/view_rplidar_s1_tcp_launch.py
[26.632s] -- Symlinking: /home/ubuntu/bots/autoBot/lidar_ws/install/rplidar_ros2/share/rplidar_ros2/rviz/rplidar_ros2.rviz
[26.676s] -- Symlinking: /home/ubuntu/bots/autoBot/lidar_ws/install/rplidar_ros2/lib/rplidar_ros2/rplidar_scan_publisher
[26.727s] -- Symlinking: /home/ubuntu/bots/autoBot/lidar_ws/install/rplidar_ros2/share/ament_index/resource_index/package_run_dependencies/rplidar_ros2
[26.786s] -- Symlinking: /home/ubuntu/bots/autoBot/lidar_ws/install/rplidar_ros2/share/ament_index/resource_index/parent_prefix_path/rplidar_ros2
[26.847s] -- Symlinking: /home/ubuntu/bots/autoBot/lidar_ws/install/rplidar_ros2/share/rplidar_ros2/environment/ament_prefix_path.sh
[26.890s] -- Symlinking: /home/ubuntu/bots/autoBot/lidar_ws/install/rplidar_ros2/share/rplidar_ros2/environment/ament_prefix_path.dsv
[26.933s] -- Symlinking: /home/ubuntu/bots/autoBot/lidar_ws/install/rplidar_ros2/share/rplidar_ros2/environment/path.sh
[26.975s] -- Symlinking: /home/ubuntu/bots/autoBot/lidar_ws/install/rplidar_ros2/share/rplidar_ros2/environment/path.dsv
[27.017s] -- Symlinking: /home/ubuntu/bots/autoBot/lidar_ws/install/rplidar_ros2/share/rplidar_ros2/local_setup.bash
[27.056s] -- Symlinking: /home/ubuntu/bots/autoBot/lidar_ws/install/rplidar_ros2/share/rplidar_ros2/local_setup.sh
[27.099s] -- Symlinking: /home/ubuntu/bots/autoBot/lidar_ws/install/rplidar_ros2/share/rplidar_ros2/local_setup.zsh
[27.153s] -- Symlinking: /home/ubuntu/bots/autoBot/lidar_ws/install/rplidar_ros2/share/rplidar_ros2/local_setup.dsv
[27.220s] -- Symlinking: /home/ubuntu/bots/autoBot/lidar_ws/install/rplidar_ros2/share/rplidar_ros2/package.dsv
[27.261s] -- Symlinking: /home/ubuntu/bots/autoBot/lidar_ws/install/rplidar_ros2/share/ament_index/resource_index/packages/rplidar_ros2
[27.299s] -- Symlinking: /home/ubuntu/bots/autoBot/lidar_ws/install/rplidar_ros2/share/rplidar_ros2/cmake/ament_cmake_export_dependencies-extras.cmake
[27.340s] -- Symlinking: /home/ubuntu/bots/autoBot/lidar_ws/install/rplidar_ros2/share/rplidar_ros2/cmake/ament_cmake_export_include_directories-extras.cmake
[27.382s] -- Symlinking: /home/ubuntu/bots/autoBot/lidar_ws/install/rplidar_ros2/share/rplidar_ros2/cmake/rplidar_ros2Config.cmake
[27.421s] -- Symlinking: /home/ubuntu/bots/autoBot/lidar_ws/install/rplidar_ros2/share/rplidar_ros2/cmake/rplidar_ros2Config-version.cmake
[27.464s] -- Symlinking: /home/ubuntu/bots/autoBot/lidar_ws/install/rplidar_ros2/share/rplidar_ros2/package.xml
[27.525s] Invoked command in '/home/ubuntu/bots/autoBot/lidar_ws/build/rplidar_ros2' returned '0': /usr/bin/cmake --install /home/ubuntu/bots/autoBot/lidar_ws/build/rplidar_ros2
